00:00:00.004786 main     VirtualBox COM Server 6.1.22 r144080 win.amd64 (Apr 28 2021 17:23:11) release log
00:00:00.004790 main     Log opened 2021-07-23T04:36:21.422624200Z
00:00:00.004791 main     Build Type: release
00:00:00.004797 main     OS Product: Windows 10
00:00:00.004799 main     OS Release: 10.0.19043
00:00:00.004800 main     OS Service Pack: 
00:00:00.036488 main     DMI Product Name: VivoBook_ASUSLaptop X421DA_M413DA
00:00:00.054489 main     DMI Product Version: 1.0       
00:00:00.054505 main     Firmware type: UEFI
00:00:00.054837 main     Secure Boot: VERR_PRIVILEGE_NOT_HELD
00:00:00.054860 main     Host RAM: 6091MB (5.9GB) total, 1086MB available
00:00:00.054865 main     Executable: C:\Program Files\Oracle\VirtualBox\VBoxSVC.exe
00:00:00.054867 main     Process ID: 19460
00:00:00.054867 main     Package type: WINDOWS_64BITS_GENERIC
00:00:00.143256          VirtualBox: object creation starts
00:00:00.143630          Home directory: 'C:\Users\thedi\.VirtualBox'
00:00:00.143784          Installed Drivers:
00:00:00.155747            C:\WINDOWS\system32\DRIVERS\VBoxDrv.sys (Version: 6.1.22.44080)
00:00:00.156152            C:\WINDOWS\system32\DRIVERS\VBoxUSBMon.sys (Version: 6.1.22.44080)
00:00:00.156545            C:\WINDOWS\system32\DRIVERS\VBoxNetAdp6.sys (Version: 6.1.22.44080)
00:00:00.156883            C:\WINDOWS\system32\DRIVERS\VBoxNetLwf.sys (Version: 6.1.22.44080)
00:00:00.157241          Loading settings file "C:\Users\thedi\.VirtualBox\VirtualBox.xml" with version "1.12-windows"
00:00:00.161934          usbLibGetDevices: Starting USB device enumeration
00:00:00.179140          Getting USB descriptor (id 0) failed (dwErr=31) on hub USB#ROOT_HUB30#5&212e9e7d&0&0#{f18a0e88-c30c-11d0-8815-00a0c906bed8} port 1
00:00:00.179353          Getting USB descriptor (id 0) failed (dwErr=31) on hub USB#VID_05E3&PID_0608#6&3a5bf6b8&0&2#{f18a0e88-c30c-11d0-8815-00a0c906bed8} port 2
00:00:00.183042          usbLibGetDevices: Found 4 USB devices, 0 captured
00:00:00.183140          USB: Unknown USB device detected (idVendor: 0x13d3, idProduct: 0x56a8)
00:00:00.183252          USB: Unknown USB device detected (idVendor: 0x8087, idProduct: 0x0a2b)
00:00:00.288483          netIfIsWireless: CreateFile on '\\.\{B706EBB7-14C8-41F7-8505-435DD78F4E23}' failed with rcWin=2 (0x2) - ignoring
00:00:00.301711          HostDnsMonitor: initializing
00:00:00.314571          HostDnsMonitor: updating information
00:00:00.314609          HostDnsMonitor: old information
00:00:00.314610            no server entries
00:00:00.314611            no domain set
00:00:00.314612            no search string entries
00:00:00.314613          HostDnsMonitor: new information
00:00:00.314613            server 1: 8.8.8.8
00:00:00.314614            server 2: 8.8.4.4
00:00:00.314615            domain: wifiportal.lan
00:00:00.314616            no search string entries
00:00:00.377600          VD: VDInit finished with VINF_SUCCESS
00:00:00.379032          Loading settings file "C:\Users\thedi\VirtualBox VMs\Nitrux\Nitrux.vbox" with version "1.16-windows"
00:00:00.380041          VirtualBox: object created
00:00:18.330264 createBase Saving settings file "C:\Users\thedi\.VirtualBox\VirtualBox.xml" with version "1.12-windows"
00:00:18.874215          Saving settings file "C:\Users\thedi\VirtualBox VMs\Ubuntu\Ubuntu.vbox" with version "1.16-windows"
00:00:18.890610          Saving settings file "C:\Users\thedi\VirtualBox VMs\Ubuntu\Ubuntu.vbox" with version "1.16-windows"
00:00:18.902810          Saving settings file "C:\Users\thedi\.VirtualBox\VirtualBox.xml" with version "1.12-windows"
00:00:18.924776          Saving settings file "C:\Users\thedi\.VirtualBox\VirtualBox.xml" with version "1.12-windows"
00:00:18.939363          Saving settings file "C:\Users\thedi\VirtualBox VMs\Ubuntu\Ubuntu.vbox" with version "1.16-windows"
00:00:21.388338          Launched VM: 64829984 pid: 17096 (0x42c8) frontend: GUI/Qt name: Ubuntu
00:00:26.068425          ERROR [COM]: aRC=VBOX_E_OBJECT_NOT_FOUND (0x80bb0001) aIID={70401eef-c8e9-466b-9660-45cb3e9979e4} aComponent={ExtPackManagerWrap} aText={No extension pack by the name 'Oracle VM VirtualBox Extension Pack' was found}, preserve=false aResultDetail=0
00:00:26.366100          ERROR [COM]: aRC=VBOX_E_IPRT_ERROR (0x80bb0005) aIID={85632c68-b5bb-4316-a900-5eb28d3413df} aComponent={SessionMachine} aText={Saved screenshot data is not available (VERR_NOT_SUPPORTED)}, preserve=false aResultDetail=-37
00:00:26.702759          netIfIsWireless: CreateFile on '\\.\{B706EBB7-14C8-41F7-8505-435DD78F4E23}' failed with rcWin=2 (0x2) - ignoring
00:00:39.943499          Saving settings file "C:\Users\thedi\.VirtualBox\VirtualBox.xml" with version "1.12-windows"
00:01:13.979523          Saving settings file "C:\Users\thedi\.VirtualBox\VirtualBox.xml" with version "1.12-windows"
00:01:13.987591          Saving settings file "C:\Users\thedi\VirtualBox VMs\Ubuntu\Ubuntu.vbox" with version "1.16-windows"
00:01:34.106312          Saving settings file "C:\Users\thedi\VirtualBox VMs\Ubuntu\Ubuntu.vbox" with version "1.16-windows"
00:01:34.206473          ERROR [COM]: aRC=VBOX_E_IPRT_ERROR (0x80bb0005) aIID={85632c68-b5bb-4316-a900-5eb28d3413df} aComponent={SessionMachine} aText={Saved screenshot data is not available (VERR_NOT_SUPPORTED)}, preserve=false aResultDetail=-37
00:02:03.424930          ERROR [COM]: aRC=VBOX_E_IPRT_ERROR (0x80bb0005) aIID={85632c68-b5bb-4316-a900-5eb28d3413df} aComponent={SessionMachine} aText={Saved screenshot data is not available (VERR_NOT_SUPPORTED)}, preserve=false aResultDetail=-37
00:08:02.114656 Watcher  Saving settings file "C:\Users\thedi\VirtualBox VMs\Ubuntu\Ubuntu.vbox" with version "1.16-windows"
00:08:07.374007 Watcher  Reaper: Pid 17096 (42c8) exited normally: 1 (0x1)
00:08:12.340954          Saving settings file "C:\Users\thedi\VirtualBox VMs\Nitrux\Nitrux.vbox" with version "1.16-windows"
00:08:21.319157          Saving settings file "C:\Users\thedi\.VirtualBox\VirtualBox.xml" with version "1.12-windows"
00:08:30.295048          Launched VM: 64849808 pid: 18448 (0x4810) frontend: GUI/Qt name: Ubuntu
00:08:33.995081          ERROR [COM]: aRC=VBOX_E_OBJECT_NOT_FOUND (0x80bb0001) aIID={70401eef-c8e9-466b-9660-45cb3e9979e4} aComponent={ExtPackManagerWrap} aText={No extension pack by the name 'Oracle VM VirtualBox Extension Pack' was found}, preserve=false aResultDetail=0
00:08:34.223553          ERROR [COM]: aRC=VBOX_E_IPRT_ERROR (0x80bb0005) aIID={85632c68-b5bb-4316-a900-5eb28d3413df} aComponent={SessionMachine} aText={Saved screenshot data is not available (VERR_NOT_SUPPORTED)}, preserve=false aResultDetail=-37
00:08:34.498455          netIfIsWireless: CreateFile on '\\.\{B706EBB7-14C8-41F7-8505-435DD78F4E23}' failed with rcWin=2 (0x2) - ignoring
00:09:06.851951          Saving settings file "C:\Users\thedi\VirtualBox VMs\Ubuntu\Ubuntu.vbox" with version "1.16-windows"
00:24:22.970855          Saving settings file "C:\Users\thedi\VirtualBox VMs\Ubuntu\Ubuntu.vbox" with version "1.16-windows"
00:26:12.893237 MainPower Host suspending: Paused 1 VMs
00:47:31.276197 MainPower Host resumed: Resumed 1 VMs
00:47:33.233578 dns-monitor HostDnsMonitor: updating information
00:47:33.233600 dns-monitor HostDnsMonitor: unchanged
00:48:58.040936 MainPower Host suspending: Paused 1 VMs
01:11:53.142396 MainPower Host resumed: Resumed 1 VMs
01:11:54.997981 dns-monitor HostDnsMonitor: updating information
01:11:54.998010 dns-monitor HostDnsMonitor: unchanged
01:11:59.497554 MainPower Host suspending: Paused 1 VMs
03:51:51.140917 MainPower Host resumed: Resumed 1 VMs
03:51:53.408416 dns-monitor HostDnsMonitor: updating information
03:51:53.408447 dns-monitor HostDnsMonitor: unchanged
03:52:14.594878          Saving settings file "C:\Users\thedi\VirtualBox VMs\Ubuntu\Ubuntu.vbox" with version "1.16-windows"
03:52:18.699531          Saving settings file "C:\Users\thedi\VirtualBox VMs\Ubuntu\Ubuntu.vbox" with version "1.16-windows"
03:52:18.807664          ERROR [COM]: aRC=VBOX_E_IPRT_ERROR (0x80bb0005) aIID={85632c68-b5bb-4316-a900-5eb28d3413df} aComponent={MachineWrap} aText={Saved screenshot thumbnail data is not available (VERR_NOT_SUPPORTED)}, preserve=false aResultDetail=-37
03:52:18.822154          ERROR [COM]: aRC=VBOX_E_IPRT_ERROR (0x80bb0005) aIID={85632c68-b5bb-4316-a900-5eb28d3413df} aComponent={MachineWrap} aText={Saved screenshot thumbnail data is not available (VERR_NOT_SUPPORTED)}, preserve=false aResultDetail=-37
03:52:18.977324 SaveState Saving settings file "C:\Users\thedi\VirtualBox VMs\Ubuntu\Ubuntu.vbox" with version "1.16-windows"
03:52:22.659873          Saving settings file "C:\Users\thedi\VirtualBox VMs\Ubuntu\Ubuntu.vbox" with version "1.16-windows"
03:52:59.930845          Saving settings file "C:\Users\thedi\.VirtualBox\VirtualBox.xml" with version "1.12-windows"
03:53:02.997072          Saving settings file "C:\Users\thedi\.VirtualBox\VirtualBox.xml" with version "1.12-windows"
03:53:06.098403          Saving settings file "C:\Users\thedi\.VirtualBox\VirtualBox.xml" with version "1.12-windows"
03:53:09.124596          Saving settings file "C:\Users\thedi\.VirtualBox\VirtualBox.xml" with version "1.12-windows"
03:53:12.156814          Saving settings file "C:\Users\thedi\.VirtualBox\VirtualBox.xml" with version "1.12-windows"
03:59:57.848065 main     VirtualBox: object deletion starts
03:59:57.848197 main     ERROR [COM]: aRC=VBOX_E_OBJECT_IN_USE (0x80bb000c) aIID={ad47ad09-787b-44ab-b343-a082a3f2dfb1} aComponent={MediumWrap} aText={Medium 'C:\Users\thedi\VirtualBox VMs\Ubuntu\Ubuntu.vdi' cannot be closed because it is still attached to 1 virtual machines}, preserve=false aResultDetail=0
03:59:57.852125 main     HostDnsMonitor: shutting down ...
03:59:57.852434 main     HostDnsMonitor: shut down
03:59:57.856903 Watcher  ERROR [COM]: aRC=E_ACCESSDENIED (0x80070005) aIID={d0a0163f-e254-4e5b-a1f2-011cf991c38d} aComponent={VirtualBoxWrap} aText={The object is not ready}, preserve=false aResultDetail=0
03:59:57.857568 main     VirtualBox: object deleted
